<?xml version="1.0" encoding="UTF-8"?>
<!-- Generated by org.testng.reporters.JUnitReportReporter -->
<testsuite hostname="vm-lab59-11-354" failures="0" tests="1" name="apitestcases.CreateWithNullDataTests" time="2.803" errors="0" timestamp="2024-08-07T11:28:22 UTC" skipped="0">
  <testcase classname="apitestcases.CreateWithNullDataTests" name="createEmployeeWithNullValues" time="2.803"/>
</testsuite> <!-- apitestcases.CreateWithNullDataTests -->
