<?xml version="1.0" encoding="UTF-8"?>
<!-- Generated by org.testng.reporters.JUnitReportReporter -->
<testsuite hostname="vm-lab59-11-354" failures="0" tests="1" name="apitestcases.APiTests" time="1.574" errors="0" timestamp="2024-08-04T08:24:47 UTC" skipped="0">
  <testcase classname="apitestcases.APiTests" name="testCase_01" time="1.574"/>
</testsuite> <!-- apitestcases.APiTests -->
