<?xml version="1.0" encoding="UTF-8"?>
<!-- Generated by org.testng.reporters.JUnitReportReporter -->
<testsuite hostname="vm-lab59-11-354" failures="0" tests="2" name="sampletestmethods.RestAssuredDemo" time="1.954" errors="0" timestamp="2024-07-29T09:59:43 UTC" skipped="0">
  <testcase classname="sampletestmethods.RestAssuredDemo" name="testcase2_BDD" time="1.250"/>
  <testcase classname="sampletestmethods.RestAssuredDemo" name="verifyStatusCode" time="0.704"/>
</testsuite> <!-- sampletestmethods.RestAssuredDemo -->
