<?xml version="1.0" encoding="UTF-8"?>
<!-- Generated by org.testng.reporters.JUnitReportReporter -->
<testsuite hostname="vm-lab59-11-354" failures="0" tests="6" name="sampletestmethods.RestAssuredSamples" time="3.462" errors="0" timestamp="2024-07-29T09:46:17 UTC" skipped="0">
  <testcase classname="sampletestmethods.RestAssuredSamples" name="test5" time="0.359"/>
  <testcase classname="sampletestmethods.RestAssuredSamples" name="test2" time="0.520"/>
  <testcase classname="sampletestmethods.RestAssuredSamples" name="test3" time="0.066"/>
  <testcase classname="sampletestmethods.RestAssuredSamples" name="test6" time="0.399"/>
  <testcase classname="sampletestmethods.RestAssuredSamples" name="test4_postRequest" time="0.339"/>
  <testcase classname="sampletestmethods.RestAssuredSamples" name="Test" time="1.779"/>
</testsuite> <!-- sampletestmethods.RestAssuredSamples -->
